-------------------------------------------------------------------------------
Test set: database.CategoryTest
-------------------------------------------------------------------------------
Tests run: 10, Failures: 0, Errors: 10, Skipped: 0, Time elapsed: 0.451 s <<< FAILURE! - in database.CategoryTest
database.CategoryTest.testAddcategory_Success  Time elapsed: 0.431 s  <<< ERROR!
org.mockito.exceptions.base.MockitoException: 

The used MockMaker SubclassByteBuddyMockMaker does not support the creation of static mocks

Mockito's inline mock maker supports static mocks based on the Instrumentation API.
You can simply enable this mock mode, by placing the 'mockito-inline' artifact where you are currently using 'mockito-core'.
Note that Mockito's inline mock maker is not supported on Android.
	at database.CategoryTest.setup(CategoryTest.java:36)

database.CategoryTest.testAddcategory_Success  Time elapsed: 0.431 s  <<< ERROR!
java.lang.NullPointerException
	at database.CategoryTest.tearDown(CategoryTest.java:51)

database.CategoryTest.testSetcategory_Success  Time elapsed: 0.002 s  <<< ERROR!
org.mockito.exceptions.base.MockitoException: 

The used MockMaker SubclassByteBuddyMockMaker does not support the creation of static mocks

Mockito's inline mock maker supports static mocks based on the Instrumentation API.
You can simply enable this mock mode, by placing the 'mockito-inline' artifact where you are currently using 'mockito-core'.
Note that Mockito's inline mock maker is not supported on Android.
	at database.CategoryTest.setup(CategoryTest.java:36)

database.CategoryTest.testSetcategory_Success  Time elapsed: 0.002 s  <<< ERROR!
java.lang.NullPointerException
	at database.CategoryTest.tearDown(CategoryTest.java:51)

database.CategoryTest.testSetcategory_NotExist  Time elapsed: 0.001 s  <<< ERROR!
org.mockito.exceptions.base.MockitoException: 

The used MockMaker SubclassByteBuddyMockMaker does not support the creation of static mocks

Mockito's inline mock maker supports static mocks based on the Instrumentation API.
You can simply enable this mock mode, by placing the 'mockito-inline' artifact where you are currently using 'mockito-core'.
Note that Mockito's inline mock maker is not supported on Android.
	at database.CategoryTest.setup(CategoryTest.java:36)

database.CategoryTest.testSetcategory_NotExist  Time elapsed: 0.001 s  <<< ERROR!
java.lang.NullPointerException
	at database.CategoryTest.tearDown(CategoryTest.java:51)

database.CategoryTest.testAddcategory_Duplicate  Time elapsed: 0.001 s  <<< ERROR!
org.mockito.exceptions.base.MockitoException: 

The used MockMaker SubclassByteBuddyMockMaker does not support the creation of static mocks

Mockito's inline mock maker supports static mocks based on the Instrumentation API.
You can simply enable this mock mode, by placing the 'mockito-inline' artifact where you are currently using 'mockito-core'.
Note that Mockito's inline mock maker is not supported on Android.
	at database.CategoryTest.setup(CategoryTest.java:36)

database.CategoryTest.testAddcategory_Duplicate  Time elapsed: 0.001 s  <<< ERROR!
java.lang.NullPointerException
	at database.CategoryTest.tearDown(CategoryTest.java:51)

database.CategoryTest.testSetcategory_DuplicateNewName  Time elapsed: 0 s  <<< ERROR!
org.mockito.exceptions.base.MockitoException: 

The used MockMaker SubclassByteBuddyMockMaker does not support the creation of static mocks

Mockito's inline mock maker supports static mocks based on the Instrumentation API.
You can simply enable this mock mode, by placing the 'mockito-inline' artifact where you are currently using 'mockito-core'.
Note that Mockito's inline mock maker is not supported on Android.
	at database.CategoryTest.setup(CategoryTest.java:36)

database.CategoryTest.testSetcategory_DuplicateNewName  Time elapsed: 0.001 s  <<< ERROR!
java.lang.NullPointerException
	at database.CategoryTest.tearDown(CategoryTest.java:51)

