<?xml version="1.0" encoding="UTF-8"?>
<testsuite xmlns:xsi="http://www.w3.org/2001/XMLSchema-instance" xsi:noNamespaceSchemaLocation="https://maven.apache.org/surefire/maven-surefire-plugin/xsd/surefire-test-report-3.0.xsd" version="3.0" name="database.ConnectDatabaseTest" time="0.226" tests="2" errors="0" skipped="0" failures="0">
  <properties>
[...]
</properties>
  <testcase name="testConnectionNotNull" classname="database.ConnectDatabaseTest" time="0.183">
    <system-out><![CDATA[Connection successful!
]]></system-out>
  </testcase>
  <testcase name="testConnectionValid" classname="database.ConnectDatabaseTest" time="0.001">
    <system-out><![CDATA[Connection successful!
]]></system-out>
  </testcase>
</testsuite>